<?xml version="1.0" encoding="UTF-8"?>
<!-- Generated by org.testng.reporters.JUnitXMLReporter -->
<testsuite ignored="0" hostname="Bharani" failures="0" tests="4" name="Test" time="0.047" errors="0" timestamp="2022-08-27T17:37:17 IST">
  <testcase classname="scripts.Testcase3" name="tc3" time="0.008"/>
  <testcase classname="scripts.Testcase2" name="tc2" time="0.001"/>
  <testcase classname="scripts.Testcase4" name="tc4" time="0.001"/>
  <testcase classname="scripts.Testcase1" name="tc1" time="0.001"/>
</testsuite> <!-- Test -->
