<?xml version="1.0" encoding="UTF-8"?>
<testng-results ignored="0" total="4" passed="4" failed="0" skipped="0">
  <reporter-output>
    <line>
      <![CDATA[hello appium]]>
    </line>
    <line>
      <![CDATA[hello selenium]]>
    </line>
    <line>
      <![CDATA[hello API]]>
    </line>
    <line>
      <![CDATA[hello java]]>
    </line>
  </reporter-output>
  <suite started-at="2022-08-27T17:37:17 IST" name="Suite" finished-at="2022-08-27T17:37:17 IST" duration-ms="47">
    <groups>
    </groups>
    <test started-at="2022-08-27T17:37:17 IST" name="Test" finished-at="2022-08-27T17:37:17 IST" duration-ms="47">
      <class name="scripts.Testcase4">
        <test-method signature="tc4()[pri:0, instance:scripts.Testcase4@61386958]" started-at="2022-08-27T17:37:17 IST" name="tc4" finished-at="2022-08-27T17:37:17 IST" duration-ms="1" status="PASS">
          <reporter-output>
            <line>
              <![CDATA[hello API]]>
            </line>
          </reporter-output>
        </test-method> <!-- tc4 -->
      </class> <!-- scripts.Testcase4 -->
      <class name="scripts.Testcase3">
        <test-method signature="tc3()[pri:0, instance:scripts.Testcase3@3246fb96]" started-at="2022-08-27T17:37:17 IST" name="tc3" finished-at="2022-08-27T17:37:17 IST" duration-ms="8" status="PASS">
          <reporter-output>
            <line>
              <![CDATA[hello appium]]>
            </line>
          </reporter-output>
        </test-method> <!-- tc3 -->
      </class> <!-- scripts.Testcase3 -->
      <class name="scripts.Testcase2">
        <test-method signature="tc2()[pri:0, instance:scripts.Testcase2@2e222612]" started-at="2022-08-27T17:37:17 IST" name="tc2" finished-at="2022-08-27T17:37:17 IST" duration-ms="1" status="PASS">
          <reporter-output>
            <line>
              <![CDATA[hello selenium]]>
            </line>
          </reporter-output>
        </test-method> <!-- tc2 -->
      </class> <!-- scripts.Testcase2 -->
      <class name="scripts.Testcase1">
        <test-method signature="tc1()[pri:0, instance:scripts.Testcase1@73ee04c8]" started-at="2022-08-27T17:37:17 IST" name="tc1" finished-at="2022-08-27T17:37:17 IST" duration-ms="1" status="PASS">
          <reporter-output>
            <line>
              <![CDATA[hello java]]>
            </line>
          </reporter-output>
        </test-method> <!-- tc1 -->
      </class> <!-- scripts.Testcase1 -->
    </test> <!-- Test -->
  </suite> <!-- Suite -->
</testng-results>
